c:\users\mandy\dropbox\triangle\triangle\triangle\debug\vc140.pdb
c:\users\mandy\dropbox\triangle\triangle\triangle\debug\vc140.idb
c:\users\mandy\dropbox\triangle\triangle\triangle\debug\main.obj
c:\users\mandy\dropbox\triangle\triangle\triangle\debug\shadermanager.obj
c:\users\mandy\dropbox\triangle\triangle\triangle\debug\camera.obj
d:\users\alr9596\dropbox\triangle\triangle\triangle\debug\vc140.pdb
d:\users\alr9596\dropbox\triangle\triangle\triangle\debug\vc140.idb
d:\users\alr9596\dropbox\triangle\triangle\triangle\debug\camera.obj
d:\users\alr9596\dropbox\triangle\triangle\triangle\debug\main.obj
d:\users\alr9596\dropbox\triangle\triangle\triangle\debug\shadermanager.obj
d:\users\alr9596\dropbox\triangle\triangle\triangle\debug\gameobject.obj
d:\users\alr9596\appdata\local\temp\lnk{5d6f79ef-13c4-49da-add1-e905582c14a0}.tmp
d:\users\alr9596\dropbox\triangle\triangle\debug\triangle.exe
d:\users\alr9596\appdata\local\microsoft\vscommon\14.0\sqm\sqmcpp.log
d:\users\alr9596\appdata\local\microsoft\vscommon\14.0\sqm\vctoolstelemetry.dat
d:\users\alr9596\dropbox\triangle\triangle\debug\triangle.pdb
d:\users\alr9596\dropbox\triangle\triangle\triangle\debug\triangle.tlog\cl.command.1.tlog
d:\users\alr9596\dropbox\triangle\triangle\triangle\debug\triangle.tlog\cl.read.1.tlog
d:\users\alr9596\dropbox\triangle\triangle\triangle\debug\triangle.tlog\cl.write.1.tlog
d:\users\alr9596\dropbox\triangle\triangle\triangle\debug\triangle.tlog\link.6592-cvtres.read.1.tlog
d:\users\alr9596\dropbox\triangle\triangle\triangle\debug\triangle.tlog\link.6592-cvtres.write.1.tlog
d:\users\alr9596\dropbox\triangle\triangle\triangle\debug\triangle.tlog\link.6592-rc.read.1.tlog
d:\users\alr9596\dropbox\triangle\triangle\triangle\debug\triangle.tlog\link.6592-rc.write.1.tlog
d:\users\alr9596\dropbox\triangle\triangle\triangle\debug\triangle.tlog\link.6592.read.1.tlog
d:\users\alr9596\dropbox\triangle\triangle\triangle\debug\triangle.tlog\link.6592.write.1.tlog
d:\users\alr9596\dropbox\triangle\triangle\triangle\debug\triangle.tlog\link.command.1.tlog
d:\users\alr9596\dropbox\triangle\triangle\triangle\debug\triangle.tlog\link.read.1.tlog
d:\users\alr9596\dropbox\triangle\triangle\triangle\debug\triangle.tlog\link.write.1.tlog
